#
# There is insufficient memory for the Java Runtime Environment to continue.
# Native memory allocation (malloc) failed to allocate 1106576 bytes. Error detail: Chunk::new
# Possible reasons:
#   The system is out of physical RAM or swap space
#   This process is running with CompressedOops enabled, and the Java Heap may be blocking the growth of the native heap
# Possible solutions:
#   Reduce memory load on the system
#   Increase physical memory or swap space
#   Check if swap backing store is full
#   Decrease Java heap size (-Xmx/-Xms)
#   Decrease number of Java threads
#   Decrease Java thread stack sizes (-Xss)
#   Set larger code cache with -XX:ReservedCodeCacheSize=
#   JVM is running with Zero Based Compressed Oops mode in which the Java heap is
#     placed in the first 32GB address space. The Java Heap base address is the
#     maximum limit for the native heap growth. Please use -XX:HeapBaseMinAddress
#     to set the Java Heap base and to place the Java Heap above 32GB virtual address.
# This output file may be truncated or incomplete.
#
#  Out of Memory Error (arena.cpp:191), pid=123540, tid=125140
#
# JRE version: OpenJDK Runtime Environment Temurin-17.0.11+9 (17.0.11+9) (build 17.0.11+9)
# Java VM: OpenJDK 64-Bit Server VM Temurin-17.0.11+9 (17.0.11+9, mixed mode, tiered, compressed oops, compressed class ptrs, g1 gc, windows-amd64)
# No core dump will be written. Minidumps are not enabled by default on client versions of Windows
#

---------------  S U M M A R Y ------------

Command Line: -XX:+ShowCodeDetailsInExceptionMessages com.example.taskmanager.TaskmanagerApplication

Host: Intel(R) Core(TM) i9-9900K CPU @ 3.60GHz, 16 cores, 15G,  Windows 11 , 64 bit Build 22621 (10.0.22621.3672)
Time: Tue Jun 18 18:50:11 2024 Pacific Daylight Time elapsed time: 2088.992220 seconds (0d 0h 34m 48s)

---------------  T H R E A D  ---------------

Current thread (0x000002a0ff6ae380):  JavaThread "C2 CompilerThread0" daemon [_thread_in_native, id=125140, stack(0x000000c86df00000,0x000000c86e000000)]


Current CompileTask:
C2:2088992 12504       4       org.apache.coyote.http11.filters.ChunkedOutputFilter::doWrite (87 bytes)

Stack: [0x000000c86df00000,0x000000c86e000000]
Native frames: (J=compiled Java code, j=interpreted, Vv=VM code, C=native code)
V  [jvm.dll+0x67d429]
V  [jvm.dll+0x834b7a]
V  [jvm.dll+0x83663e]
V  [jvm.dll+0x836ca3]
V  [jvm.dll+0x247dbf]
V  [jvm.dll+0xac534]
V  [jvm.dll+0xacb7c]
V  [jvm.dll+0x3665f2]
V  [jvm.dll+0x330bba]
V  [jvm.dll+0x33005a]
V  [jvm.dll+0x21a471]
V  [jvm.dll+0x2198b1]
V  [jvm.dll+0x1a534d]
V  [jvm.dll+0x2295cd]
V  [jvm.dll+0x22779c]
V  [jvm.dll+0x7e9d07]
V  [jvm.dll+0x7e410a]
V  [jvm.dll+0x67c315]
C  [ucrtbase.dll+0x29333]
C  [KERNEL32.DLL+0x1257d]
C  [ntdll.dll+0x5af28]


---------------  P R O C E S S  ---------------

Threads class SMR info:
_java_thread_list=0x000002a09ddcb6d0, length=29, elements={
0x000002a0ff675790, 0x000002a0ff676520, 0x000002a0ff088f00, 0x000002a0ff08a9e0,
0x000002a0ff08b6c0, 0x000002a0ff08e0a0, 0x000002a0ff6ae380, 0x000002a0ff6b7cb0,
0x000002a0ff6bc5f0, 0x000002a0ff848360, 0x000002a0ff851120, 0x000002a09b2f0a20,
0x000002a099c19290, 0x000002a09915d490, 0x000002a09d6ab3d0, 0x000002a09d6a8d00,
0x000002a09d6ee980, 0x000002a09d5d0360, 0x000002a09d5cea10, 0x000002a09d5cdff0,
0x000002a09d5d1290, 0x000002a09d5d17a0, 0x000002a09d5ce500, 0x000002a09d5cf940,
0x000002a09d5cef20, 0x000002a09d5cf430, 0x000002a09af499c0, 0x000002a09af4a3e0,
0x000002a09af48a90
}

Java Threads: ( => current thread )
  0x000002a0ff675790 JavaThread "Reference Handler" daemon [_thread_blocked, id=85092, stack(0x000000c86d900000,0x000000c86da00000)]
  0x000002a0ff676520 JavaThread "Finalizer" daemon [_thread_blocked, id=82500, stack(0x000000c86da00000,0x000000c86db00000)]
  0x000002a0ff088f00 JavaThread "Signal Dispatcher" daemon [_thread_blocked, id=86240, stack(0x000000c86db00000,0x000000c86dc00000)]
  0x000002a0ff08a9e0 JavaThread "Attach Listener" daemon [_thread_blocked, id=110392, stack(0x000000c86dc00000,0x000000c86dd00000)]
  0x000002a0ff08b6c0 JavaThread "Service Thread" daemon [_thread_blocked, id=85576, stack(0x000000c86dd00000,0x000000c86de00000)]
  0x000002a0ff08e0a0 JavaThread "Monitor Deflation Thread" daemon [_thread_blocked, id=67432, stack(0x000000c86de00000,0x000000c86df00000)]
=>0x000002a0ff6ae380 JavaThread "C2 CompilerThread0" daemon [_thread_in_native, id=125140, stack(0x000000c86df00000,0x000000c86e000000)]
  0x000002a0ff6b7cb0 JavaThread "C1 CompilerThread0" daemon [_thread_blocked, id=125892, stack(0x000000c86e000000,0x000000c86e100000)]
  0x000002a0ff6bc5f0 JavaThread "Sweeper thread" daemon [_thread_blocked, id=110220, stack(0x000000c86e100000,0x000000c86e200000)]
  0x000002a0ff848360 JavaThread "Notification Thread" daemon [_thread_blocked, id=125384, stack(0x000000c86e400000,0x000000c86e500000)]
  0x000002a0ff851120 JavaThread "Common-Cleaner" daemon [_thread_blocked, id=83712, stack(0x000000c86e600000,0x000000c86e700000)]
  0x000002a09b2f0a20 JavaThread "Catalina-utility-1" [_thread_blocked, id=124988, stack(0x000000c86fa00000,0x000000c86fb00000)]
  0x000002a099c19290 JavaThread "Catalina-utility-2" [_thread_blocked, id=115608, stack(0x000000c86fb00000,0x000000c86fc00000)]
  0x000002a09915d490 JavaThread "http-nio-8080-exec-1" daemon [_thread_blocked, id=125968, stack(0x000000c86fc00000,0x000000c86fd00000)]
  0x000002a09d6ab3d0 JavaThread "http-nio-8080-exec-2" daemon [_thread_blocked, id=125044, stack(0x000000c86fd00000,0x000000c86fe00000)]
  0x000002a09d6a8d00 JavaThread "http-nio-8080-exec-3" daemon [_thread_blocked, id=124648, stack(0x000000c86fe00000,0x000000c86ff00000)]
  0x000002a09d6ee980 JavaThread "http-nio-8080-exec-4" daemon [_thread_blocked, id=84124, stack(0x000000c86ff00000,0x000000c870000000)]
  0x000002a09d5d0360 JavaThread "http-nio-8080-exec-5" daemon [_thread_in_Java, id=124412, stack(0x000000c870000000,0x000000c870100000)]
  0x000002a09d5cea10 JavaThread "http-nio-8080-exec-6" daemon [_thread_blocked, id=126024, stack(0x000000c870100000,0x000000c870200000)]
  0x000002a09d5cdff0 JavaThread "http-nio-8080-exec-7" daemon [_thread_blocked, id=125348, stack(0x000000c870200000,0x000000c870300000)]
  0x000002a09d5d1290 JavaThread "http-nio-8080-exec-8" daemon [_thread_blocked, id=104744, stack(0x000000c870300000,0x000000c870400000)]
  0x000002a09d5d17a0 JavaThread "http-nio-8080-exec-9" daemon [_thread_blocked, id=121472, stack(0x000000c870400000,0x000000c870500000)]
  0x000002a09d5ce500 JavaThread "http-nio-8080-exec-10" daemon [_thread_blocked, id=82788, stack(0x000000c870500000,0x000000c870600000)]
  0x000002a09d5cf940 JavaThread "container-0" [_thread_blocked, id=117240, stack(0x000000c870600000,0x000000c870700000)]
  0x000002a09d5cef20 JavaThread "PostgreSQL-JDBC-Cleaner" daemon [_thread_blocked, id=127092, stack(0x000000c870a00000,0x000000c870b00000)]
  0x000002a09d5cf430 JavaThread "HikariPool-1 housekeeper" daemon [_thread_blocked, id=127096, stack(0x000000c870b00000,0x000000c870c00000)]
  0x000002a09af499c0 JavaThread "http-nio-8080-Poller" daemon [_thread_in_native, id=127420, stack(0x000000c870e00000,0x000000c870f00000)]
  0x000002a09af4a3e0 JavaThread "http-nio-8080-Acceptor" daemon [_thread_in_native, id=127424, stack(0x000000c870f00000,0x000000c871000000)]
  0x000002a09af48a90 JavaThread "DestroyJavaVM" [_thread_blocked, id=115328, stack(0x000000c86d200000,0x000000c86d300000)]

Other Threads:
  0x000002a0ff074320 VMThread "VM Thread" [stack: 0x000000c86d800000,0x000000c86d900000] [id=79276]
  0x000002a0ff84c220 WatcherThread [stack: 0x000000c86e500000,0x000000c86e600000] [id=123800]
  0x000002a0f38d7d70 GCTaskThread "GC Thread#0" [stack: 0x000000c86d300000,0x000000c86d400000] [id=86668]
  0x000002a097e4d350 GCTaskThread "GC Thread#1" [stack: 0x000000c86e900000,0x000000c86ea00000] [id=126280]
  0x000002a097aeab10 GCTaskThread "GC Thread#2" [stack: 0x000000c86ea00000,0x000000c86eb00000] [id=126384]
  0x000002a097e57160 GCTaskThread "GC Thread#3" [stack: 0x000000c86eb00000,0x000000c86ec00000] [id=84012]
  0x000002a097e56660 GCTaskThread "GC Thread#4" [stack: 0x000000c86ec00000,0x000000c86ed00000] [id=125132]
  0x000002a097e558a0 GCTaskThread "GC Thread#5" [stack: 0x000000c86ed00000,0x000000c86ee00000] [id=85396]
  0x000002a097e563a0 GCTaskThread "GC Thread#6" [stack: 0x000000c86f000000,0x000000c86f100000] [id=125328]
  0x000002a097e555e0 GCTaskThread "GC Thread#7" [stack: 0x000000c86f100000,0x000000c86f200000] [id=115604]
  0x000002a097e56be0 GCTaskThread "GC Thread#8" [stack: 0x000000c86f200000,0x000000c86f300000] [id=94988]
  0x000002a097e56920 GCTaskThread "GC Thread#9" [stack: 0x000000c86f300000,0x000000c86f400000] [id=117936]
  0x000002a097e56ea0 GCTaskThread "GC Thread#10" [stack: 0x000000c86ee00000,0x000000c86ef00000] [id=109140]
  0x000002a097e560e0 GCTaskThread "GC Thread#11" [stack: 0x000000c86f700000,0x000000c86f800000] [id=125764]
  0x000002a09896e3a0 GCTaskThread "GC Thread#12" [stack: 0x000000c86f800000,0x000000c86f900000] [id=125440]
  0x000002a0f38e9b90 ConcurrentGCThread "G1 Main Marker" [stack: 0x000000c86d400000,0x000000c86d500000] [id=52572]
  0x000002a0f38ea5b0 ConcurrentGCThread "G1 Conc#0" [stack: 0x000000c86d500000,0x000000c86d600000] [id=126820]
  0x000002a097e55b60 ConcurrentGCThread "G1 Conc#1" [stack: 0x000000c86f400000,0x000000c86f500000] [id=117920]
  0x000002a097e55e20 ConcurrentGCThread "G1 Conc#2" [stack: 0x000000c86f500000,0x000000c86f600000] [id=126516]
  0x000002a0f390e590 ConcurrentGCThread "G1 Refine#0" [stack: 0x000000c86d600000,0x000000c86d700000] [id=86208]
  0x000002a0fef5f2b0 ConcurrentGCThread "G1 Service" [stack: 0x000000c86d700000,0x000000c86d800000] [id=126388]

Threads with active compile tasks:
C2 CompilerThread0  2089013 12504       4       org.apache.coyote.http11.filters.ChunkedOutputFilter::doWrite (87 bytes)

VM state: not at safepoint (normal execution)

VM Mutex/Monitor currently owned by a thread: None

Heap address: 0x0000000701400000, size: 4076 MB, Compressed Oops mode: Zero based, Oop shift amount: 3

CDS archive(s) not mapped
Compressed class space mapped at: 0x0000000800000000-0x0000000840000000, reserved size: 1073741824
Narrow klass base: 0x0000000800000000, Narrow klass shift: 0, Narrow klass range: 0x40000000

GC Precious Log:
 CPUs: 16 total, 16 available
 Memory: 16299M
 Large Page Support: Disabled
 NUMA Support: Disabled
 Compressed Oops: Enabled (Zero based)
 Heap Region Size: 2M
 Heap Min Capacity: 8M
 Heap Initial Capacity: 256M
 Heap Max Capacity: 4076M
 Pre-touch: Disabled
 Parallel Workers: 13
 Concurrent Workers: 3
 Concurrent Refinement Workers: 13
 Periodic GC: Disabled

Heap:
 garbage-first heap   total 71680K, used 47482K [0x0000000701400000, 0x0000000800000000)
  region size 2048K, 9 young (18432K), 1 survivors (2048K)
 Metaspace       used 80579K, committed 81152K, reserved 1179648K
  class space    used 10448K, committed 10688K, reserved 1048576K

Heap Regions: E=young(eden), S=young(survivor), O=old, HS=humongous(starts), HC=humongous(continues), CS=collection set, F=free, OA=open archive, CA=closed archive, TAMS=top-at-mark-start (previous, next)
|   0|0x0000000701400000, 0x0000000701600000, 0x0000000701600000|100%| O|  |TAMS 0x0000000701600000, 0x0000000701400000| Untracked 
|   1|0x0000000701600000, 0x0000000701800000, 0x0000000701800000|100%| O|  |TAMS 0x0000000701800000, 0x0000000701600000| Untracked 
|   2|0x0000000701800000, 0x0000000701a00000, 0x0000000701a00000|100%| O|  |TAMS 0x0000000701a00000, 0x0000000701800000| Untracked 
|   3|0x0000000701a00000, 0x0000000701c00000, 0x0000000701c00000|100%| O|  |TAMS 0x0000000701c00000, 0x0000000701a00000| Untracked 
|   4|0x0000000701c00000, 0x0000000701e00000, 0x0000000701e00000|100%| O|  |TAMS 0x0000000701e00000, 0x0000000701c00000| Untracked 
|   5|0x0000000701e00000, 0x0000000702000000, 0x0000000702000000|100%| O|  |TAMS 0x0000000702000000, 0x0000000701e00000| Untracked 
|   6|0x0000000702000000, 0x0000000702050000, 0x0000000702200000| 15%| O|  |TAMS 0x000000070204e600, 0x0000000702000000| Untracked 
|   7|0x0000000702200000, 0x0000000702400000, 0x0000000702400000|100%| O|  |TAMS 0x0000000702400000, 0x0000000702200000| Untracked 
|   8|0x0000000702400000, 0x0000000702600000, 0x0000000702600000|100%| O|  |TAMS 0x0000000702600000, 0x0000000702400000| Untracked 
|   9|0x0000000702600000, 0x0000000702800000, 0x0000000702800000|100%| O|  |TAMS 0x0000000702800000, 0x0000000702600000| Untracked 
|  10|0x0000000702800000, 0x0000000702a00000, 0x0000000702a00000|100%| O|  |TAMS 0x0000000702a00000, 0x0000000702800000| Untracked 
|  11|0x0000000702a00000, 0x0000000702c00000, 0x0000000702c00000|100%| O|  |TAMS 0x0000000702c00000, 0x0000000702a00000| Untracked 
|  12|0x0000000702c00000, 0x0000000702e00000, 0x0000000702e00000|100%| O|  |TAMS 0x0000000702e00000, 0x0000000702c00000| Untracked 
|  13|0x0000000702e00000, 0x0000000703000000, 0x0000000703000000|100%| O|  |TAMS 0x0000000703000000, 0x0000000702e00000| Untracked 
|  14|0x0000000703000000, 0x0000000703200000, 0x0000000703200000|100%| O|  |TAMS 0x0000000703200000, 0x0000000703000000| Untracked 
|  15|0x0000000703200000, 0x0000000703400000, 0x0000000703400000|100%| O|  |TAMS 0x0000000703400000, 0x0000000703200000| Untracked 
|  16|0x0000000703400000, 0x0000000703600000, 0x0000000703600000|100%| O|  |TAMS 0x0000000703600000, 0x0000000703400000| Untracked 
|  17|0x0000000703600000, 0x0000000703600000, 0x0000000703800000|  0%| F|  |TAMS 0x0000000703600000, 0x0000000703600000| Untracked 
|  18|0x0000000703800000, 0x0000000703800000, 0x0000000703a00000|  0%| F|  |TAMS 0x0000000703800000, 0x0000000703800000| Untracked 
|  19|0x0000000703a00000, 0x0000000703a00000, 0x0000000703c00000|  0%| F|  |TAMS 0x0000000703a00000, 0x0000000703a00000| Untracked 
|  20|0x0000000703c00000, 0x0000000703c00000, 0x0000000703e00000|  0%| F|  |TAMS 0x0000000703c00000, 0x0000000703c00000| Untracked 
|  21|0x0000000703e00000, 0x0000000703e0e850, 0x0000000704000000|  2%| S|CS|TAMS 0x0000000703e00000, 0x0000000703e00000| Complete 
|  22|0x0000000704000000, 0x0000000704000000, 0x0000000704200000|  0%| F|  |TAMS 0x0000000704000000, 0x0000000704000000| Untracked 
|  23|0x0000000704200000, 0x0000000704200000, 0x0000000704400000|  0%| F|  |TAMS 0x0000000704200000, 0x0000000704200000| Untracked 
|  24|0x0000000704400000, 0x0000000704400000, 0x0000000704600000|  0%| F|  |TAMS 0x0000000704400000, 0x0000000704400000| Untracked 
|  25|0x0000000704600000, 0x0000000704600000, 0x0000000704800000|  0%| F|  |TAMS 0x0000000704600000, 0x0000000704600000| Untracked 
|  26|0x0000000704800000, 0x0000000704800000, 0x0000000704a00000|  0%| F|  |TAMS 0x0000000704800000, 0x0000000704800000| Untracked 
|  27|0x0000000704a00000, 0x0000000704b1ac30, 0x0000000704c00000| 55%| E|  |TAMS 0x0000000704a00000, 0x0000000704a00000| Complete 
|  28|0x0000000704c00000, 0x0000000704e00000, 0x0000000704e00000|100%| E|CS|TAMS 0x0000000704c00000, 0x0000000704c00000| Complete 
|  29|0x0000000704e00000, 0x0000000705000000, 0x0000000705000000|100%| E|CS|TAMS 0x0000000704e00000, 0x0000000704e00000| Complete 
|  30|0x0000000705000000, 0x0000000705200000, 0x0000000705200000|100%| E|CS|TAMS 0x0000000705000000, 0x0000000705000000| Complete 
|  53|0x0000000707e00000, 0x0000000708000000, 0x0000000708000000|100%| E|CS|TAMS 0x0000000707e00000, 0x0000000707e00000| Complete 
|  54|0x0000000708000000, 0x0000000708200000, 0x0000000708200000|100%| E|CS|TAMS 0x0000000708000000, 0x0000000708000000| Complete 
|  55|0x0000000708200000, 0x0000000708400000, 0x0000000708400000|100%| E|CS|TAMS 0x0000000708200000, 0x0000000708200000| Complete 
| 127|0x0000000711200000, 0x0000000711400000, 0x0000000711400000|100%| E|CS|TAMS 0x0000000711200000, 0x0000000711200000| Complete 

Card table byte_map: [0x000002a0f7570000,0x000002a0f7d70000] _byte_map_base: 0x000002a0f3d66000

Marking Bits (Prev, Next): (CMBitMap*) 0x000002a0f38d93e0, (CMBitMap*) 0x000002a0f38d93a0
 Prev Bits: [0x000002a08f000000, 0x000002a092fb0000)
 Next Bits: [0x000002a0f8570000, 0x000002a0fc520000)

Polling page: 0x000002a0f17b0000

Metaspace:

Usage:
  Non-class:     68.49 MB used.
      Class:     10.20 MB used.
       Both:     78.69 MB used.

Virtual space:
  Non-class space:      128.00 MB reserved,      68.81 MB ( 54%) committed,  2 nodes.
      Class space:        1.00 GB reserved,      10.44 MB (  1%) committed,  1 nodes.
             Both:        1.12 GB reserved,      79.25 MB (  7%) committed. 

Chunk freelists:
   Non-Class:  10.42 MB
       Class:  5.56 MB
        Both:  15.98 MB

MaxMetaspaceSize: unlimited
CompressedClassSpaceSize: 1.00 GB
Initial GC threshold: 21.00 MB
Current GC threshold: 132.12 MB
CDS: off
MetaspaceReclaimPolicy: balanced
 - commit_granule_bytes: 65536.
 - commit_granule_words: 8192.
 - virtual_space_node_default_size: 8388608.
 - enlarge_chunks_in_place: 1.
 - new_chunks_are_fully_committed: 0.
 - uncommit_free_chunks: 1.
 - use_allocation_guard: 0.
 - handle_deallocations: 1.


Internal statistics:

num_allocs_failed_limit: 9.
num_arena_births: 860.
num_arena_deaths: 0.
num_vsnodes_births: 3.
num_vsnodes_deaths: 0.
num_space_committed: 1268.
num_space_uncommitted: 0.
num_chunks_returned_to_freelist: 9.
num_chunks_taken_from_freelist: 3599.
num_chunk_merges: 9.
num_chunk_splits: 2581.
num_chunks_enlarged: 2015.
num_inconsistent_stats: 0.

CodeHeap 'non-profiled nmethods': size=119168Kb used=12811Kb max_used=12811Kb free=106356Kb
 bounds [0x000002a087ba0000, 0x000002a088830000, 0x000002a08f000000]
CodeHeap 'profiled nmethods': size=119104Kb used=17016Kb max_used=22015Kb free=102087Kb
 bounds [0x000002a080000000, 0x000002a081590000, 0x000002a087450000]
CodeHeap 'non-nmethods': size=7488Kb used=1345Kb max_used=3102Kb free=6142Kb
 bounds [0x000002a087450000, 0x000002a087770000, 0x000002a087ba0000]
 total_blobs=10629 nmethods=9952 adapters=588
 compilation: enabled
              stopped_count=0, restarted_count=0
 full_count=0

Compilation events (20 events):
Event: 2088.902 Thread 0x000002a0ff6b7cb0 12497       1       org.apache.tomcat.util.net.SocketWrapperBase::reset (6 bytes)
Event: 2088.902 Thread 0x000002a0ff6b7cb0 nmethod 12497 0x000002a088820e90 code [0x000002a088821020, 0x000002a088821138]
Event: 2088.906 Thread 0x000002a0ff6ae380 nmethod 12495 0x000002a088821190 code [0x000002a088821320, 0x000002a0888216b8]
Event: 2088.907 Thread 0x000002a0ff6ae380 12496       4       org.apache.catalina.connector.CoyoteAdapter::checkRecycled (158 bytes)
Event: 2088.908 Thread 0x000002a0ff6b7cb0 12498       3       org.apache.tomcat.util.net.NioChannel::isOpen (8 bytes)
Event: 2088.908 Thread 0x000002a0ff6b7cb0 nmethod 12498 0x000002a0805d2e90 code [0x000002a0805d3020, 0x000002a0805d31f8]
Event: 2088.909 Thread 0x000002a0ff6ae380 nmethod 12496 0x000002a088821890 code [0x000002a088821a20, 0x000002a088821c58]
Event: 2088.932 Thread 0x000002a0ff6b7cb0 12499       3       sun.nio.ch.SelectionKeyImpl::getFDVal (10 bytes)
Event: 2088.932 Thread 0x000002a0ff6b7cb0 nmethod 12499 0x000002a0807f2290 code [0x000002a0807f2440, 0x000002a0807f2628]
Event: 2088.933 Thread 0x000002a0ff6ae380 12500       4       java.nio.HeapByteBuffer::<init> (31 bytes)
Event: 2088.936 Thread 0x000002a0ff6ae380 nmethod 12500 0x000002a088821f10 code [0x000002a0888220a0, 0x000002a088822498]
Event: 2088.936 Thread 0x000002a0ff6b7cb0 12501       3       java.lang.Long::toHexString (6 bytes)
Event: 2088.936 Thread 0x000002a0ff6b7cb0 nmethod 12501 0x000002a080612d10 code [0x000002a080612ea0, 0x000002a080612fc8]
Event: 2088.936 Thread 0x000002a0ff6b7cb0 12502       3       java.io.FileDescriptor$1::get (5 bytes)
Event: 2088.936 Thread 0x000002a0ff6b7cb0 nmethod 12502 0x000002a0807a1c90 code [0x000002a0807a1e20, 0x000002a0807a1f38]
Event: 2088.938 Thread 0x000002a0ff6ae380 12503       4       java.nio.HeapByteBuffer::slice (49 bytes)
Event: 2088.941 Thread 0x000002a0ff6ae380 nmethod 12503 0x000002a088822790 code [0x000002a088822920, 0x000002a088822c98]
Event: 2088.943 Thread 0x000002a0ff6ae380 12504       4       org.apache.coyote.http11.filters.ChunkedOutputFilter::doWrite (87 bytes)
Event: 2088.961 Thread 0x000002a0ff6b7cb0 12505       3       org.apache.tomcat.util.net.SocketWrapperBase::setReadTimeout (22 bytes)
Event: 2088.962 Thread 0x000002a0ff6b7cb0 nmethod 12505 0x000002a0807a4b90 code [0x000002a0807a4d20, 0x000002a0807a4ed8]

GC Heap History (20 events):
Event: 2082.218 GC heap before
{Heap before GC invocations=142 (full 0):
 garbage-first heap   total 71680K, used 59806K [0x0000000701400000, 0x0000000800000000)
  region size 2048K, 14 young (28672K), 1 survivors (2048K)
 Metaspace       used 80566K, committed 81152K, reserved 1179648K
  class space    used 10446K, committed 10688K, reserved 1048576K
}
Event: 2082.219 GC heap after
{Heap after GC invocations=143 (full 0):
 garbage-first heap   total 71680K, used 33209K [0x0000000701400000, 0x0000000800000000)
  region size 2048K, 1 young (2048K), 1 survivors (2048K)
 Metaspace       used 80566K, committed 81152K, reserved 1179648K
  class space    used 10446K, committed 10688K, reserved 1048576K
}
Event: 2082.871 GC heap before
{Heap before GC invocations=144 (full 0):
 garbage-first heap   total 71680K, used 59833K [0x0000000701400000, 0x0000000800000000)
  region size 2048K, 14 young (28672K), 1 survivors (2048K)
 Metaspace       used 80566K, committed 81152K, reserved 1179648K
  class space    used 10446K, committed 10688K, reserved 1048576K
}
Event: 2082.872 GC heap after
{Heap after GC invocations=145 (full 0):
 garbage-first heap   total 71680K, used 33154K [0x0000000701400000, 0x0000000800000000)
  region size 2048K, 1 young (2048K), 1 survivors (2048K)
 Metaspace       used 80566K, committed 81152K, reserved 1179648K
  class space    used 10446K, committed 10688K, reserved 1048576K
}
Event: 2083.381 GC heap before
{Heap before GC invocations=145 (full 0):
 garbage-first heap   total 71680K, used 59778K [0x0000000701400000, 0x0000000800000000)
  region size 2048K, 14 young (28672K), 1 survivors (2048K)
 Metaspace       used 80566K, committed 81152K, reserved 1179648K
  class space    used 10446K, committed 10688K, reserved 1048576K
}
Event: 2083.382 GC heap after
{Heap after GC invocations=146 (full 0):
 garbage-first heap   total 71680K, used 33248K [0x0000000701400000, 0x0000000800000000)
  region size 2048K, 1 young (2048K), 1 survivors (2048K)
 Metaspace       used 80566K, committed 81152K, reserved 1179648K
  class space    used 10446K, committed 10688K, reserved 1048576K
}
Event: 2084.052 GC heap before
{Heap before GC invocations=147 (full 0):
 garbage-first heap   total 71680K, used 59872K [0x0000000701400000, 0x0000000800000000)
  region size 2048K, 14 young (28672K), 1 survivors (2048K)
 Metaspace       used 80566K, committed 81152K, reserved 1179648K
  class space    used 10446K, committed 10688K, reserved 1048576K
}
Event: 2084.052 GC heap after
{Heap after GC invocations=148 (full 0):
 garbage-first heap   total 71680K, used 33139K [0x0000000701400000, 0x0000000800000000)
  region size 2048K, 1 young (2048K), 1 survivors (2048K)
 Metaspace       used 80566K, committed 81152K, reserved 1179648K
  class space    used 10446K, committed 10688K, reserved 1048576K
}
Event: 2084.588 GC heap before
{Heap before GC invocations=148 (full 0):
 garbage-first heap   total 71680K, used 59763K [0x0000000701400000, 0x0000000800000000)
  region size 2048K, 14 young (28672K), 1 survivors (2048K)
 Metaspace       used 80566K, committed 81152K, reserved 1179648K
  class space    used 10446K, committed 10688K, reserved 1048576K
}
Event: 2084.589 GC heap after
{Heap after GC invocations=149 (full 0):
 garbage-first heap   total 71680K, used 33268K [0x0000000701400000, 0x0000000800000000)
  region size 2048K, 1 young (2048K), 1 survivors (2048K)
 Metaspace       used 80566K, committed 81152K, reserved 1179648K
  class space    used 10446K, committed 10688K, reserved 1048576K
}
Event: 2085.519 GC heap before
{Heap before GC invocations=150 (full 0):
 garbage-first heap   total 71680K, used 59892K [0x0000000701400000, 0x0000000800000000)
  region size 2048K, 14 young (28672K), 1 survivors (2048K)
 Metaspace       used 80566K, committed 81152K, reserved 1179648K
  class space    used 10446K, committed 10688K, reserved 1048576K
}
Event: 2085.520 GC heap after
{Heap after GC invocations=151 (full 0):
 garbage-first heap   total 71680K, used 33203K [0x0000000701400000, 0x0000000800000000)
  region size 2048K, 1 young (2048K), 1 survivors (2048K)
 Metaspace       used 80566K, committed 81152K, reserved 1179648K
  class space    used 10446K, committed 10688K, reserved 1048576K
}
Event: 2086.084 GC heap before
{Heap before GC invocations=151 (full 0):
 garbage-first heap   total 71680K, used 57779K [0x0000000701400000, 0x0000000800000000)
  region size 2048K, 13 young (26624K), 1 survivors (2048K)
 Metaspace       used 80567K, committed 81152K, reserved 1179648K
  class space    used 10447K, committed 10688K, reserved 1048576K
}
Event: 2086.085 GC heap after
{Heap after GC invocations=152 (full 0):
 garbage-first heap   total 71680K, used 33209K [0x0000000701400000, 0x0000000800000000)
  region size 2048K, 1 young (2048K), 1 survivors (2048K)
 Metaspace       used 80567K, committed 81152K, reserved 1179648K
  class space    used 10447K, committed 10688K, reserved 1048576K
}
Event: 2086.850 GC heap before
{Heap before GC invocations=153 (full 0):
 garbage-first heap   total 71680K, used 57785K [0x0000000701400000, 0x0000000800000000)
  region size 2048K, 13 young (26624K), 1 survivors (2048K)
 Metaspace       used 80568K, committed 81152K, reserved 1179648K
  class space    used 10447K, committed 10688K, reserved 1048576K
}
Event: 2086.851 GC heap after
{Heap after GC invocations=154 (full 0):
 garbage-first heap   total 71680K, used 33279K [0x0000000701400000, 0x0000000800000000)
  region size 2048K, 1 young (2048K), 1 survivors (2048K)
 Metaspace       used 80568K, committed 81152K, reserved 1179648K
  class space    used 10447K, committed 10688K, reserved 1048576K
}
Event: 2087.453 GC heap before
{Heap before GC invocations=154 (full 0):
 garbage-first heap   total 71680K, used 57855K [0x0000000701400000, 0x0000000800000000)
  region size 2048K, 13 young (26624K), 1 survivors (2048K)
 Metaspace       used 80568K, committed 81152K, reserved 1179648K
  class space    used 10447K, committed 10688K, reserved 1048576K
}
Event: 2087.454 GC heap after
{Heap after GC invocations=155 (full 0):
 garbage-first heap   total 71680K, used 33203K [0x0000000701400000, 0x0000000800000000)
  region size 2048K, 1 young (2048K), 1 survivors (2048K)
 Metaspace       used 80568K, committed 81152K, reserved 1179648K
  class space    used 10447K, committed 10688K, reserved 1048576K
}
Event: 2088.686 GC heap before
{Heap before GC invocations=156 (full 0):
 garbage-first heap   total 71680K, used 57779K [0x0000000701400000, 0x0000000800000000)
  region size 2048K, 13 young (26624K), 1 survivors (2048K)
 Metaspace       used 80570K, committed 81152K, reserved 1179648K
  class space    used 10447K, committed 10688K, reserved 1048576K
}
Event: 2088.686 GC heap after
{Heap after GC invocations=157 (full 0):
 garbage-first heap   total 71680K, used 33146K [0x0000000701400000, 0x0000000800000000)
  region size 2048K, 1 young (2048K), 1 survivors (2048K)
 Metaspace       used 80570K, committed 81152K, reserved 1179648K
  class space    used 10447K, committed 10688K, reserved 1048576K
}

Dll operation events (10 events):
Event: 0.005 Loaded shared library C:\Users\mattk\.vscode\extensions\redhat.java-1.31.0-win32-x64\jre\17.0.11-win32-x86_64\bin\java.dll
Event: 0.099 Loaded shared library C:\Users\mattk\.vscode\extensions\redhat.java-1.31.0-win32-x64\jre\17.0.11-win32-x86_64\bin\net.dll
Event: 0.100 Loaded shared library C:\Users\mattk\.vscode\extensions\redhat.java-1.31.0-win32-x64\jre\17.0.11-win32-x86_64\bin\nio.dll
Event: 0.104 Loaded shared library C:\Users\mattk\.vscode\extensions\redhat.java-1.31.0-win32-x64\jre\17.0.11-win32-x86_64\bin\zip.dll
Event: 0.182 Loaded shared library C:\Users\mattk\.vscode\extensions\redhat.java-1.31.0-win32-x64\jre\17.0.11-win32-x86_64\bin\jimage.dll
Event: 0.926 Loaded shared library C:\Users\mattk\.vscode\extensions\redhat.java-1.31.0-win32-x64\jre\17.0.11-win32-x86_64\bin\sunmscapi.dll
Event: 2.179 Loaded shared library C:\Users\mattk\.vscode\extensions\redhat.java-1.31.0-win32-x64\jre\17.0.11-win32-x86_64\bin\management.dll
Event: 2.181 Loaded shared library C:\Users\mattk\.vscode\extensions\redhat.java-1.31.0-win32-x64\jre\17.0.11-win32-x86_64\bin\management_ext.dll
Event: 2.732 Loaded shared library C:\Users\mattk\.vscode\extensions\redhat.java-1.31.0-win32-x64\jre\17.0.11-win32-x86_64\bin\verify.dll
Event: 2.973 Loaded shared library C:\Users\mattk\.vscode\extensions\redhat.java-1.31.0-win32-x64\jre\17.0.11-win32-x86_64\bin\extnet.dll

Deoptimization events (20 events):
Event: 2088.801 Thread 0x000002a09d6ee980 Uncommon trap: trap_request=0xffffff45 fr.pc=0x000002a0886194b8 relative=0x0000000000000218
Event: 2088.801 Thread 0x000002a09d6ee980 Uncommon trap: reason=unstable_if action=reinterpret pc=0x000002a0886194b8 method=org.apache.coyote.http11.Http11Processor.endRequest()V @ 7 c2
Event: 2088.801 Thread 0x000002a09d6ee980 DEOPT PACKING pc=0x000002a0886194b8 sp=0x000000c86ffff1b0
Event: 2088.801 Thread 0x000002a09d6ee980 DEOPT UNPACKING pc=0x000002a0874a69a3 sp=0x000000c86ffff150 mode 2
Event: 2088.801 Thread 0x000002a09d6ee980 Uncommon trap: trap_request=0xffffff45 fr.pc=0x000002a088277348 relative=0x0000000000000228
Event: 2088.801 Thread 0x000002a09d6ee980 Uncommon trap: reason=unstable_if action=reinterpret pc=0x000002a088277348 method=org.apache.coyote.RequestInfo.updateCounters()V @ 58 c2
Event: 2088.801 Thread 0x000002a09d6ee980 DEOPT PACKING pc=0x000002a088277348 sp=0x000000c86ffff1a0
Event: 2088.801 Thread 0x000002a09d6ee980 DEOPT UNPACKING pc=0x000002a0874a69a3 sp=0x000000c86ffff140 mode 2
Event: 2088.801 Thread 0x000002a09d6ee980 Uncommon trap: trap_request=0xffffff45 fr.pc=0x000002a0885df0f0 relative=0x00000000000008f0
Event: 2088.801 Thread 0x000002a09d6ee980 Uncommon trap: reason=unstable_if action=reinterpret pc=0x000002a0885df0f0 method=org.apache.coyote.http11.Http11InputBuffer.recycle()V @ 19 c2
Event: 2088.801 Thread 0x000002a09d6ee980 DEOPT PACKING pc=0x000002a0885df0f0 sp=0x000000c86ffff270
Event: 2088.801 Thread 0x000002a09d6ee980 DEOPT UNPACKING pc=0x000002a0874a69a3 sp=0x000000c86ffff1c8 mode 2
Event: 2088.815 Thread 0x000002a09d5cdff0 Uncommon trap: trap_request=0xffffff45 fr.pc=0x000002a08863d4cc relative=0x00000000000003ec
Event: 2088.815 Thread 0x000002a09d5cdff0 Uncommon trap: reason=unstable_if action=reinterpret pc=0x000002a08863d4cc method=org.apache.catalina.valves.ErrorReportValve.invoke(Lorg/apache/catalina/connector/Request;Lorg/apache/catalina/connector/Response;)V @ 22 c2
Event: 2088.815 Thread 0x000002a09d5cdff0 DEOPT PACKING pc=0x000002a08863d4cc sp=0x000000c8702feb30
Event: 2088.815 Thread 0x000002a09d5cdff0 DEOPT UNPACKING pc=0x000002a0874a69a3 sp=0x000000c8702fea88 mode 2
Event: 2088.877 Thread 0x000002a09915d490 DEOPT PACKING pc=0x000002a080a8eff9 sp=0x000000c86fcfd750
Event: 2088.877 Thread 0x000002a09915d490 DEOPT UNPACKING pc=0x000002a0874a7143 sp=0x000000c86fcfcc10 mode 0
Event: 2088.985 Thread 0x000002a09d6ab3d0 DEOPT PACKING pc=0x000002a080a8eff9 sp=0x000000c86fdfd920
Event: 2088.985 Thread 0x000002a09d6ab3d0 DEOPT UNPACKING pc=0x000002a0874a7143 sp=0x000000c86fdfcde0 mode 0

Classes unloaded (0 events):
No events

Classes redefined (0 events):
No events

Internal exceptions (20 events):
Event: 2088.954 Thread 0x000002a09d6ee980 Exception <a 'java/io/IOException'{0x0000000704c4ae80}> (0x0000000704c4ae80) 
thrown [s\src\hotspot\share\prims\jni.cpp, line 516]
Event: 2088.954 Thread 0x000002a09d6ee980 Exception <a 'java/io/IOException'{0x0000000704c4c5b8}> (0x0000000704c4c5b8) 
thrown [s\src\hotspot\share\prims\jni.cpp, line 516]
Event: 2088.959 Thread 0x000002a09d5d0360 Exception <a 'java/io/IOException'{0x0000000704c89f60}> (0x0000000704c89f60) 
thrown [s\src\hotspot\share\prims\jni.cpp, line 516]
Event: 2088.959 Thread 0x000002a09d5d0360 Exception <a 'java/io/IOException'{0x0000000704c8d478}> (0x0000000704c8d478) 
thrown [s\src\hotspot\share\prims\jni.cpp, line 516]
Event: 2088.959 Thread 0x000002a09d5d0360 Exception <a 'java/io/IOException'{0x0000000704c8ebb0}> (0x0000000704c8ebb0) 
thrown [s\src\hotspot\share\prims\jni.cpp, line 516]
Event: 2088.963 Thread 0x000002a09d5d1290 Exception <a 'java/io/IOException'{0x0000000704ccbce8}> (0x0000000704ccbce8) 
thrown [s\src\hotspot\share\prims\jni.cpp, line 516]
Event: 2088.964 Thread 0x000002a09d5d1290 Exception <a 'java/io/IOException'{0x0000000704ccf200}> (0x0000000704ccf200) 
thrown [s\src\hotspot\share\prims\jni.cpp, line 516]
Event: 2088.964 Thread 0x000002a09d5d1290 Exception <a 'java/io/IOException'{0x0000000704cd0bb8}> (0x0000000704cd0bb8) 
thrown [s\src\hotspot\share\prims\jni.cpp, line 516]
Event: 2088.969 Thread 0x000002a09d5cdff0 Exception <a 'java/io/IOException'{0x0000000704d176e0}> (0x0000000704d176e0) 
thrown [s\src\hotspot\share\prims\jni.cpp, line 516]
Event: 2088.969 Thread 0x000002a09d5cdff0 Exception <a 'java/io/IOException'{0x0000000704d1abf8}> (0x0000000704d1abf8) 
thrown [s\src\hotspot\share\prims\jni.cpp, line 516]
Event: 2088.969 Thread 0x000002a09d5cdff0 Exception <a 'java/io/IOException'{0x0000000704d1c330}> (0x0000000704d1c330) 
thrown [s\src\hotspot\share\prims\jni.cpp, line 516]
Event: 2088.974 Thread 0x000002a09d5d17a0 Exception <a 'java/io/IOException'{0x0000000704d54cd0}> (0x0000000704d54cd0) 
thrown [s\src\hotspot\share\prims\jni.cpp, line 516]
Event: 2088.974 Thread 0x000002a09d5d17a0 Exception <a 'java/io/IOException'{0x0000000704d581e8}> (0x0000000704d581e8) 
thrown [s\src\hotspot\share\prims\jni.cpp, line 516]
Event: 2088.974 Thread 0x000002a09d5d17a0 Exception <a 'java/io/IOException'{0x0000000704d59920}> (0x0000000704d59920) 
thrown [s\src\hotspot\share\prims\jni.cpp, line 516]
Event: 2088.980 Thread 0x000002a09915d490 Exception <a 'java/io/IOException'{0x0000000704d93528}> (0x0000000704d93528) 
thrown [s\src\hotspot\share\prims\jni.cpp, line 516]
Event: 2088.980 Thread 0x000002a09915d490 Exception <a 'java/io/IOException'{0x0000000704d96a40}> (0x0000000704d96a40) 
thrown [s\src\hotspot\share\prims\jni.cpp, line 516]
Event: 2088.980 Thread 0x000002a09915d490 Exception <a 'java/io/IOException'{0x0000000704d98178}> (0x0000000704d98178) 
thrown [s\src\hotspot\share\prims\jni.cpp, line 516]
Event: 2088.985 Thread 0x000002a09d6ab3d0 Exception <a 'java/io/IOException'{0x0000000704dd3638}> (0x0000000704dd3638) 
thrown [s\src\hotspot\share\prims\jni.cpp, line 516]
Event: 2088.985 Thread 0x000002a09d6ab3d0 Exception <a 'java/io/IOException'{0x0000000704dd6b50}> (0x0000000704dd6b50) 
thrown [s\src\hotspot\share\prims\jni.cpp, line 516]
Event: 2088.985 Thread 0x000002a09d6ab3d0 Exception <a 'java/io/IOException'{0x0000000704dd8510}> (0x0000000704dd8510) 
thrown [s\src\hotspot\share\prims\jni.cpp, line 516]

VM Operations (20 events):
Event: 2085.519 Executing VM operation: G1CollectForAllocation
Event: 2085.520 Executing VM operation: G1CollectForAllocation done
Event: 2086.084 Executing VM operation: G1CollectForAllocation
Event: 2086.085 Executing VM operation: G1CollectForAllocation done
Event: 2086.107 Executing VM operation: G1PauseRemark
Event: 2086.111 Executing VM operation: G1PauseRemark done
Event: 2086.118 Executing VM operation: G1PauseCleanup
Event: 2086.118 Executing VM operation: G1PauseCleanup done
Event: 2086.850 Executing VM operation: G1CollectForAllocation
Event: 2086.851 Executing VM operation: G1CollectForAllocation done
Event: 2087.081 Executing VM operation: HandshakeAllThreads
Event: 2087.081 Executing VM operation: HandshakeAllThreads done
Event: 2087.453 Executing VM operation: G1CollectForAllocation
Event: 2087.454 Executing VM operation: G1CollectForAllocation done
Event: 2087.470 Executing VM operation: G1PauseRemark
Event: 2087.474 Executing VM operation: G1PauseRemark done
Event: 2087.481 Executing VM operation: G1PauseCleanup
Event: 2087.481 Executing VM operation: G1PauseCleanup done
Event: 2088.685 Executing VM operation: G1CollectForAllocation
Event: 2088.686 Executing VM operation: G1CollectForAllocation done

Events (20 events):
Event: 2076.455 Thread 0x000002a0ff6bc5f0 flushing nmethod 0x000002a08146db90
Event: 2076.455 Thread 0x000002a0ff6bc5f0 flushing nmethod 0x000002a08148c990
Event: 2076.455 Thread 0x000002a0ff6bc5f0 flushing nmethod 0x000002a081493c90
Event: 2076.455 Thread 0x000002a0ff6bc5f0 flushing nmethod 0x000002a081518c10
Event: 2076.455 Thread 0x000002a0ff6bc5f0 flushing nmethod 0x000002a081574390
Event: 2078.200 Thread 0x000002a0987458d0 Thread added: 0x000002a0987458d0
Event: 2078.200 Thread 0x000002a098745e20 Thread added: 0x000002a098745e20
Event: 2079.749 Thread 0x000002a098745e20 Thread exited: 0x000002a098745e20
Event: 2079.755 Thread 0x000002a098745e20 Thread added: 0x000002a098745e20
Event: 2081.333 Thread 0x000002a098745e20 Thread exited: 0x000002a098745e20
Event: 2081.333 Thread 0x000002a09af43990 Thread exited: 0x000002a09af43990
Event: 2083.991 Thread 0x000002a0987458d0 Thread exited: 0x000002a0987458d0
Event: 2084.585 Thread 0x000002a098747360 Thread added: 0x000002a098747360
Event: 2085.632 Thread 0x000002a098747360 Thread exited: 0x000002a098747360
Event: 2086.554 Thread 0x000002a098744390 Thread added: 0x000002a098744390
Event: 2087.100 Thread 0x000002a0ff6bc5f0 flushing nmethod 0x000002a081385d90
Event: 2087.100 Thread 0x000002a0ff6bc5f0 flushing nmethod 0x000002a0813b4b10
Event: 2088.805 Thread 0x000002a098744390 Thread exited: 0x000002a098744390
Event: 2088.882 loading class sun/net/ConnectionResetException
Event: 2088.882 loading class sun/net/ConnectionResetException done


Dynamic libraries:
0x00007ff70ed50000 - 0x00007ff70ed5e000 	C:\Users\mattk\.vscode\extensions\redhat.java-1.31.0-win32-x64\jre\17.0.11-win32-x86_64\bin\java.exe
0x00007ff9d41d0000 - 0x00007ff9d43e7000 	C:\WINDOWS\SYSTEM32\ntdll.dll
0x00007ff9d2910000 - 0x00007ff9d29d4000 	C:\WINDOWS\System32\KERNEL32.DLL
0x00007ff9d1780000 - 0x00007ff9d1b2c000 	C:\WINDOWS\System32\KERNELBASE.dll
0x00007ff9d1c20000 - 0x00007ff9d1d31000 	C:\WINDOWS\System32\ucrtbase.dll
0x00007ff9a2340000 - 0x00007ff9a2357000 	C:\Users\mattk\.vscode\extensions\redhat.java-1.31.0-win32-x64\jre\17.0.11-win32-x86_64\bin\jli.dll
0x00007ff9a4990000 - 0x00007ff9a49ab000 	C:\Users\mattk\.vscode\extensions\redhat.java-1.31.0-win32-x64\jre\17.0.11-win32-x86_64\bin\VCRUNTIME140.dll
0x00007ff9d2ae0000 - 0x00007ff9d2c8e000 	C:\WINDOWS\System32\USER32.dll
0x00007ff9d1e60000 - 0x00007ff9d1e86000 	C:\WINDOWS\System32\win32u.dll
0x00007ff9b5160000 - 0x00007ff9b53f3000 	C:\WINDOWS\WinSxS\amd64_microsoft.windows.common-controls_6595b64144ccf1df_6.0.22621.3672_none_2713b9d173822955\COMCTL32.dll
0x00007ff9d2ed0000 - 0x00007ff9d2ef9000 	C:\WINDOWS\System32\GDI32.dll
0x00007ff9d2690000 - 0x00007ff9d2737000 	C:\WINDOWS\System32\msvcrt.dll
0x00007ff9d1d40000 - 0x00007ff9d1e59000 	C:\WINDOWS\System32\gdi32full.dll
0x00007ff9d1570000 - 0x00007ff9d160a000 	C:\WINDOWS\System32\msvcp_win.dll
0x00007ff9d2580000 - 0x00007ff9d25b1000 	C:\WINDOWS\System32\IMM32.DLL
0x00007ff9c0200000 - 0x00007ff9c020c000 	C:\Users\mattk\.vscode\extensions\redhat.java-1.31.0-win32-x64\jre\17.0.11-win32-x86_64\bin\vcruntime140_1.dll
0x00007ff99f6c0000 - 0x00007ff99f74d000 	C:\Users\mattk\.vscode\extensions\redhat.java-1.31.0-win32-x64\jre\17.0.11-win32-x86_64\bin\msvcp140.dll
0x00007ff931ee0000 - 0x00007ff932b42000 	C:\Users\mattk\.vscode\extensions\redhat.java-1.31.0-win32-x64\jre\17.0.11-win32-x86_64\bin\server\jvm.dll
0x00007ff9d25d0000 - 0x00007ff9d2682000 	C:\WINDOWS\System32\ADVAPI32.dll
0x00007ff9d3f80000 - 0x00007ff9d402a000 	C:\WINDOWS\System32\sechost.dll
0x00007ff9d1bf0000 - 0x00007ff9d1c18000 	C:\WINDOWS\System32\bcrypt.dll
0x00007ff9d34d0000 - 0x00007ff9d35e5000 	C:\WINDOWS\System32\RPCRT4.dll
0x00007ff9d0390000 - 0x00007ff9d03dd000 	C:\WINDOWS\SYSTEM32\POWRPROF.dll
0x00007ff9c86a0000 - 0x00007ff9c86d4000 	C:\WINDOWS\SYSTEM32\WINMM.dll
0x00007ff9b10f0000 - 0x00007ff9b10f9000 	C:\WINDOWS\SYSTEM32\WSOCK32.dll
0x00007ff9c6cd0000 - 0x00007ff9c6cda000 	C:\WINDOWS\SYSTEM32\VERSION.dll
0x00007ff9d2f00000 - 0x00007ff9d2f71000 	C:\WINDOWS\System32\WS2_32.dll
0x00007ff9d0370000 - 0x00007ff9d0383000 	C:\WINDOWS\SYSTEM32\UMPDC.dll
0x00007ff9d0620000 - 0x00007ff9d0638000 	C:\WINDOWS\SYSTEM32\kernel.appcore.dll
0x00007ff9bf110000 - 0x00007ff9bf11a000 	C:\Users\mattk\.vscode\extensions\redhat.java-1.31.0-win32-x64\jre\17.0.11-win32-x86_64\bin\jimage.dll
0x00007ff9cebb0000 - 0x00007ff9cede2000 	C:\WINDOWS\SYSTEM32\DBGHELP.DLL
0x00007ff9d1f70000 - 0x00007ff9d22f8000 	C:\WINDOWS\System32\combase.dll
0x00007ff9d24a0000 - 0x00007ff9d2577000 	C:\WINDOWS\System32\OLEAUT32.dll
0x00007ff9ad270000 - 0x00007ff9ad2a2000 	C:\WINDOWS\SYSTEM32\dbgcore.DLL
0x00007ff9d1e90000 - 0x00007ff9d1f0b000 	C:\WINDOWS\System32\bcryptPrimitives.dll
0x00007ff9a1cb0000 - 0x00007ff9a1cd5000 	C:\Users\mattk\.vscode\extensions\redhat.java-1.31.0-win32-x64\jre\17.0.11-win32-x86_64\bin\java.dll
0x00007ff9a1690000 - 0x00007ff9a16a8000 	C:\Users\mattk\.vscode\extensions\redhat.java-1.31.0-win32-x64\jre\17.0.11-win32-x86_64\bin\zip.dll
0x00007ff9d35f0000 - 0x00007ff9d3e4c000 	C:\WINDOWS\System32\SHELL32.dll
0x00007ff9cf460000 - 0x00007ff9cfd57000 	C:\WINDOWS\SYSTEM32\windows.storage.dll
0x00007ff9cf320000 - 0x00007ff9cf45f000 	C:\WINDOWS\SYSTEM32\wintypes.dll
0x00007ff9d29e0000 - 0x00007ff9d2ad4000 	C:\WINDOWS\System32\SHCORE.dll
0x00007ff9d1f10000 - 0x00007ff9d1f6e000 	C:\WINDOWS\System32\shlwapi.dll
0x00007ff9d1430000 - 0x00007ff9d1451000 	C:\WINDOWS\SYSTEM32\profapi.dll
0x00007ff9a12f0000 - 0x00007ff9a1309000 	C:\Users\mattk\.vscode\extensions\redhat.java-1.31.0-win32-x64\jre\17.0.11-win32-x86_64\bin\net.dll
0x00007ff9c9390000 - 0x00007ff9c94c6000 	C:\WINDOWS\SYSTEM32\WINHTTP.dll
0x00007ff9d0a90000 - 0x00007ff9d0af9000 	C:\WINDOWS\system32\mswsock.dll
0x00007ff9a1160000 - 0x00007ff9a1176000 	C:\Users\mattk\.vscode\extensions\redhat.java-1.31.0-win32-x64\jre\17.0.11-win32-x86_64\bin\nio.dll
0x00007ff9a6640000 - 0x00007ff9a664e000 	C:\Users\mattk\.vscode\extensions\redhat.java-1.31.0-win32-x64\jre\17.0.11-win32-x86_64\bin\sunmscapi.dll
0x00007ff9d1610000 - 0x00007ff9d1777000 	C:\WINDOWS\System32\CRYPT32.dll
0x00007ff9d0e90000 - 0x00007ff9d0ebe000 	C:\WINDOWS\SYSTEM32\ncrypt.dll
0x00007ff9d0e50000 - 0x00007ff9d0e87000 	C:\WINDOWS\SYSTEM32\NTASN1.dll
0x00007ff9d0cf0000 - 0x00007ff9d0d0b000 	C:\WINDOWS\SYSTEM32\CRYPTSP.dll
0x00007ff9d0580000 - 0x00007ff9d05b5000 	C:\WINDOWS\system32\rsaenh.dll
0x00007ff9d0b90000 - 0x00007ff9d0bb8000 	C:\WINDOWS\SYSTEM32\USERENV.dll
0x00007ff9d0d10000 - 0x00007ff9d0d1c000 	C:\WINDOWS\SYSTEM32\CRYPTBASE.dll
0x00007ff9d0030000 - 0x00007ff9d005d000 	C:\WINDOWS\SYSTEM32\IPHLPAPI.DLL
0x00007ff9d3e50000 - 0x00007ff9d3e59000 	C:\WINDOWS\System32\NSI.dll
0x00007ff9ca3c0000 - 0x00007ff9ca3d9000 	C:\WINDOWS\SYSTEM32\dhcpcsvc6.DLL
0x00007ff9c9280000 - 0x00007ff9c929f000 	C:\WINDOWS\SYSTEM32\dhcpcsvc.DLL
0x00007ff9d00a0000 - 0x00007ff9d0198000 	C:\WINDOWS\SYSTEM32\DNSAPI.dll
0x00007ff994810000 - 0x00007ff994819000 	C:\Users\mattk\.vscode\extensions\redhat.java-1.31.0-win32-x64\jre\17.0.11-win32-x86_64\bin\management.dll
0x00007ff994800000 - 0x00007ff99480b000 	C:\Users\mattk\.vscode\extensions\redhat.java-1.31.0-win32-x64\jre\17.0.11-win32-x86_64\bin\management_ext.dll
0x00007ff9d3470000 - 0x00007ff9d3478000 	C:\WINDOWS\System32\PSAPI.DLL
0x00007ff9a6e40000 - 0x00007ff9a6e50000 	C:\Users\mattk\.vscode\extensions\redhat.java-1.31.0-win32-x64\jre\17.0.11-win32-x86_64\bin\verify.dll
0x00007ff9c6810000 - 0x00007ff9c681a000 	C:\Windows\System32\rasadhlp.dll
0x00007ff9c8070000 - 0x00007ff9c80f3000 	C:\WINDOWS\System32\fwpuclnt.dll
0x00007ff9a4980000 - 0x00007ff9a4989000 	C:\Users\mattk\.vscode\extensions\redhat.java-1.31.0-win32-x64\jre\17.0.11-win32-x86_64\bin\extnet.dll
0x00007ff9bf100000 - 0x00007ff9bf108000 	C:\WINDOWS\system32\wshunix.dll

dbghelp: loaded successfully - version: 4.0.5 - missing functions: none
symbol engine: initialized successfully - sym options: 0x614 - pdb path: .;C:\Users\mattk\.vscode\extensions\redhat.java-1.31.0-win32-x64\jre\17.0.11-win32-x86_64\bin;C:\WINDOWS\SYSTEM32;C:\WINDOWS\WinSxS\amd64_microsoft.windows.common-controls_6595b64144ccf1df_6.0.22621.3672_none_2713b9d173822955;C:\Users\mattk\.vscode\extensions\redhat.java-1.31.0-win32-x64\jre\17.0.11-win32-x86_64\bin\server

VM Arguments:
jvm_args: -XX:+ShowCodeDetailsInExceptionMessages 
java_command: com.example.taskmanager.TaskmanagerApplication
java_class_path (initial): C:\Users\mattk\Documents\GitHub\task-manager\backend\target\classes;C:\Users\mattk\.m2\repository\org\springframework\boot\spring-boot-starter-data-jpa\3.3.0\spring-boot-starter-data-jpa-3.3.0.jar;C:\Users\mattk\.m2\repository\org\springframework\boot\spring-boot-starter-aop\3.3.0\spring-boot-starter-aop-3.3.0.jar;C:\Users\mattk\.m2\repository\org\springframework\spring-aop\6.1.8\spring-aop-6.1.8.jar;C:\Users\mattk\.m2\repository\org\aspectj\aspectjweaver\1.9.22\aspectjweaver-1.9.22.jar;C:\Users\mattk\.m2\repository\org\springframework\boot\spring-boot-starter-jdbc\3.3.0\spring-boot-starter-jdbc-3.3.0.jar;C:\Users\mattk\.m2\repository\com\zaxxer\HikariCP\5.1.0\HikariCP-5.1.0.jar;C:\Users\mattk\.m2\repository\org\springframework\spring-jdbc\6.1.8\spring-jdbc-6.1.8.jar;C:\Users\mattk\.m2\repository\org\hibernate\orm\hibernate-core\6.5.2.Final\hibernate-core-6.5.2.Final.jar;C:\Users\mattk\.m2\repository\jakarta\persistence\jakarta.persistence-api\3.1.0\jakarta.persistence-api-3.1.0.jar;C:\Users\mattk\.m2\repository\jakarta\transaction\jakarta.transaction-api\2.0.1\jakarta.transaction-api-2.0.1.jar;C:\Users\mattk\.m2\repository\org\jboss\logging\jboss-logging\3.5.3.Final\jboss-logging-3.5.3.Final.jar;C:\Users\mattk\.m2\repository\org\hibernate\common\hibernate-commons-annotations\6.0.6.Final\hibernate-commons-annotations-6.0.6.Final.jar;C:\Users\mattk\.m2\repository\io\smallrye\jandex\3.1.2\jandex-3.1.2.jar;C:\Users\mattk\.m2\repository\com\fasterxml\classmate\1.7.0\classmate-1.7.0.jar;C:\Users\mattk\.m2\repository\net\bytebuddy\byte-buddy\1.14.16\byte-buddy-1.14.16.jar;C:\Users\mattk\.m2\repository\org\glassfish\jaxb\jaxb-runtime\4.0.5\jaxb-runtime-4.0.5.jar;C:\Users\mattk\.m2\repository\org\glassfish\jaxb\jaxb-core\4.0.5\jaxb-core-4.0.5.jar;C:\Users\mattk\.m2\repository\org\eclipse\angus\angus-activation\2.0.2\angus-activation-2.0.2.jar;C:\Users\mattk\.m2\repository\org\glassfish\jaxb\txw2\4.0.5\txw2-4.0.5.jar;C:\Users\mattk\.m2\repository
Launcher Type: SUN_STANDARD

[Global flags]
     intx CICompilerCount                          = 12                                        {product} {ergonomic}
     uint ConcGCThreads                            = 3                                         {product} {ergonomic}
     uint G1ConcRefinementThreads                  = 13                                        {product} {ergonomic}
   size_t G1HeapRegionSize                         = 2097152                                   {product} {ergonomic}
    uintx GCDrainStackTargetSize                   = 64                                        {product} {ergonomic}
   size_t InitialHeapSize                          = 268435456                                 {product} {ergonomic}
   size_t MarkStackSize                            = 4194304                                   {product} {ergonomic}
   size_t MaxHeapSize                              = 4273995776                                {product} {ergonomic}
   size_t MaxNewSize                               = 2562719744                                {product} {ergonomic}
   size_t MinHeapDeltaBytes                        = 2097152                                   {product} {ergonomic}
   size_t MinHeapSize                              = 8388608                                   {product} {ergonomic}
    uintx NonNMethodCodeHeapSize                   = 7602480                                {pd product} {ergonomic}
    uintx NonProfiledCodeHeapSize                  = 122027880                              {pd product} {ergonomic}
    uintx ProfiledCodeHeapSize                     = 122027880                              {pd product} {ergonomic}
    uintx ReservedCodeCacheSize                    = 251658240                              {pd product} {ergonomic}
     bool SegmentedCodeCache                       = true                                      {product} {ergonomic}
     bool ShowCodeDetailsInExceptionMessages       = true                                   {manageable} {command line}
   size_t SoftMaxHeapSize                          = 4273995776                             {manageable} {ergonomic}
     bool UseCompressedClassPointers               = true                           {product lp64_product} {ergonomic}
     bool UseCompressedOops                        = true                           {product lp64_product} {ergonomic}
     bool UseG1GC                                  = true                                      {product} {ergonomic}
     bool UseLargePagesIndividualAllocation        = false                                  {pd product} {ergonomic}

Logging:
Log output configuration:
 #0: stdout all=warning uptime,level,tags
 #1: stderr all=off uptime,level,tags

Environment Variables:
PATH=C:\Python312\Scripts\;C:\Python312\;C:\Program Files (x86)\Common Files\Intel\Shared Libraries\redist\intel64\compiler;B:\Files\VSCode\bin;C:\Program Files (x86)\Common Files\Oracle\Java\javapath;C:\Program Files (x86)\Razer Chroma SDK\bin;C:\Program Files\Razer Chroma SDK\bin;C:\Program Files\Oculus\Support\oculus-runtime;C:\Program Files (x86)\Razer\ChromaBroadcast\bin;C:\Program Files\Razer\ChromaBroadcast\bin;C:\Windows\system32;C:\Windows;C:\Windows\System32\Wbem;C:\Windows\System32\WindowsPowerShell\v1.0\;C:\Windows\System32\OpenSSH\;C:\Program Files\NVIDIA Corporation\NVIDIA NvDLISR;C:\Windows\system32\config\systemprofile\AppData\Local\Microsoft\WindowsApps;C:\WINDOWS\system32;C:\WINDOWS;C:\WINDOWS\System32\Wbem;C:\WINDOWS\System32\WindowsPowerShell\v1.0\;C:\WINDOWS\System32\OpenSSH\;B:\Files\Putty\;C:\Program Files\Git\cmd;C:\Program Files\Amazon\AWSCLIV2\;C:\Program Files\dotnet\;C:\ProgramData\chocolatey\bin;C:\Program Files (x86)\NVIDIA Corporation\PhysX\Common;C:\Program Files (x86)\Yarn\bin\;C:\Program Files\nodejs\;C:\php-8.3.8;C:\ProgramData\ComposerSetup\bin;C:\Users\mattk\AppData\Local\Programs\Python\Python311\Scripts\;C:\Users\mattk\AppData\Local\Programs\Python\Python311\;B:\Files\UF\Enterprise SWE\OpenSource\Conda;B:\Files\UF\Enterprise SWE\OpenSource\Conda\Library\mingw-w64\bin;B:\Files\UF\Enterprise SWE\OpenSource\Conda\Library\usr\bin;B:\Files\UF\Enterprise SWE\OpenSource\Conda\Library\bin;B:\Files\UF\Enterprise SWE\OpenSource\Conda\Scripts;C:\Users\mattk\AppData\Local\Microsoft\WindowsApps;C:\MinGW\bin;C:\Users\mattk\AppData\Local\GitHubDesktop\bin;B:\Files\Microsoft VS Code\bin;C:\Users\mattk\AppData\Local\JetBrains\Toolbox\scripts;C:\Users\mattk\AppData\Local\Microsoft\WindowsApps;C:\Users\mattk\.dotnet\tools;C:\Users\mattk\AppData\Local\Yarn\bin;C:\Users\mattk\AppData\Local\Microsoft\WinGet\Links;C:\Users\mattk\AppData\Roaming\npm;C:\Users\mattk\AppData\Roaming\Composer\vendor\bin
USERNAME=mattk
LANG=en_US.UTF-8
OS=Windows_NT
PROCESSOR_IDENTIFIER=Intel64 Family 6 Model 158 Stepping 12, GenuineIntel
TMP=C:\Users\mattk\AppData\Local\Temp
TEMP=C:\Users\mattk\AppData\Local\Temp



Periodic native trim disabled


---------------  S Y S T E M  ---------------

OS:
 Windows 11 , 64 bit Build 22621 (10.0.22621.3672)
OS uptime: 0 days 11:20 hours

CPU: total 16 (initial active 16) (8 cores per cpu, 2 threads per core) family 6 model 158 stepping 12 microcode 0xde, cx8, cmov, fxsr, ht, mmx, 3dnowpref, sse, sse2, sse3, ssse3, sse4.1, sse4.2, popcnt, lzcnt, tsc, tscinvbit, avx, avx2, aes, erms, clmul, bmi1, bmi2, rtm, adx, fma, vzeroupper, clflush, clflushopt
Processor Information for all 16 processors :
  Max Mhz: 3600, Current Mhz: 3600, Mhz Limit: 3600

Memory: 4k page, system-wide physical 16299M (445M free)
TotalPageFile size 40118M (AvailPageFile size 5M)
current process WorkingSet (physical memory assigned to process): 342M, peak: 358M
current process commit charge ("private bytes"): 384M, peak: 402M

vm_info: OpenJDK 64-Bit Server VM (17.0.11+9) for windows-amd64 JRE (17.0.11+9), built on Apr 17 2024 06:07:48 by "admin" with MS VC++ 16.10 / 16.11 (VS2019)

END.
